<?xml version="1.0" encoding="UTF-8"?>
<testng-results ignored="0" total="1" passed="1" failed="0" skipped="0">
  <reporter-output>
  </reporter-output>
  <suite started-at="2022-05-10T10:07:54Z" name="Default suite" finished-at="2022-05-10T10:07:55Z" duration-ms="374">
    <groups>
      <group name="cucumber">
        <method signature="AbstractTestNGCucumberTests.feature(cucumber.api.testng.CucumberFeatureWrapper)[pri:0, instance:Runner.TsetRunner@7cbd9d24]" name="feature" class="cucumber.api.testng.AbstractTestNGCucumberTests"/>
      </group> <!-- cucumber -->
    </groups>
    <test started-at="2022-05-10T10:07:54Z" name="Default test" finished-at="2022-05-10T10:07:55Z" duration-ms="374">
      <class name="Runner.TsetRunner">
        <test-method is-config="true" signature="setUpClass()[pri:0, instance:Runner.TsetRunner@7cbd9d24]" started-at="2022-05-10T15:37:54Z" name="setUpClass" finished-at="2022-05-10T15:37:55Z" duration-ms="146" status="PASS">
          <reporter-output>
          </reporter-output>
        </test-method> <!-- setUpClass -->
        <test-method signature="feature(cucumber.api.testng.CucumberFeatureWrapper)[pri:0, instance:Runner.TsetRunner@7cbd9d24]" started-at="2022-05-10T15:37:55Z" name="feature" description="Runs Cucumber Feature" data-provider="features" finished-at="2022-05-10T15:37:55Z" duration-ms="164" status="PASS">
          <params>
            <param index="0">
              <value>
                <![CDATA[Add two numbers]]>
              </value>
            </param>
          </params>
          <reporter-output>
          </reporter-output>
        </test-method> <!-- feature -->
        <test-method is-config="true" signature="tearDownClass()[pri:0, instance:Runner.TsetRunner@7cbd9d24]" started-at="2022-05-10T15:37:55Z" name="tearDownClass" finished-at="2022-05-10T15:37:55Z" duration-ms="3" status="PASS">
          <reporter-output>
          </reporter-output>
        </test-method> <!-- tearDownClass -->
      </class> <!-- Runner.TsetRunner -->
    </test> <!-- Default test -->
  </suite> <!-- Default suite -->
</testng-results>
